mode: set
realization_go/doubly_linked_list.go:25.46,30.2 1 1
realization_go/doubly_linked_list.go:33.62,39.2 1 1
realization_go/doubly_linked_list.go:42.49,45.19 2 1
realization_go/doubly_linked_list.go:45.19,48.3 2 1
realization_go/doubly_linked_list.go:48.8,52.3 3 1
realization_go/doubly_linked_list.go:53.2,53.74 1 1
realization_go/doubly_linked_list.go:57.49,60.19 2 1
realization_go/doubly_linked_list.go:60.19,63.3 2 1
realization_go/doubly_linked_list.go:63.8,67.3 3 1
realization_go/doubly_linked_list.go:68.2,68.72 1 1
realization_go/doubly_linked_list.go:72.69,73.19 1 1
realization_go/doubly_linked_list.go:73.19,76.3 2 1
realization_go/doubly_linked_list.go:78.2,79.51 2 1
realization_go/doubly_linked_list.go:79.51,81.3 1 1
realization_go/doubly_linked_list.go:83.2,83.20 1 1
realization_go/doubly_linked_list.go:83.20,86.3 2 1
realization_go/doubly_linked_list.go:88.2,92.25 4 1
realization_go/doubly_linked_list.go:92.25,94.3 1 1
realization_go/doubly_linked_list.go:94.8,96.3 1 1
realization_go/doubly_linked_list.go:98.2,99.106 2 1
realization_go/doubly_linked_list.go:103.70,104.19 1 1
realization_go/doubly_linked_list.go:104.19,107.3 2 1
realization_go/doubly_linked_list.go:109.2,110.51 2 1
realization_go/doubly_linked_list.go:110.51,112.3 1 1
realization_go/doubly_linked_list.go:114.2,114.20 1 1
realization_go/doubly_linked_list.go:114.20,117.3 2 1
realization_go/doubly_linked_list.go:119.2,123.25 4 1
realization_go/doubly_linked_list.go:123.25,125.3 1 1
realization_go/doubly_linked_list.go:125.8,127.3 1 1
realization_go/doubly_linked_list.go:129.2,130.108 2 1
realization_go/doubly_linked_list.go:134.45,135.19 1 1
realization_go/doubly_linked_list.go:135.19,138.3 2 1
realization_go/doubly_linked_list.go:140.2,143.19 3 1
realization_go/doubly_linked_list.go:143.19,145.3 1 1
realization_go/doubly_linked_list.go:145.8,147.3 1 1
realization_go/doubly_linked_list.go:149.2,149.62 1 1
realization_go/doubly_linked_list.go:153.45,154.19 1 1
realization_go/doubly_linked_list.go:154.19,157.3 2 1
realization_go/doubly_linked_list.go:159.2,162.19 3 1
realization_go/doubly_linked_list.go:162.19,164.3 1 1
realization_go/doubly_linked_list.go:164.8,166.3 1 1
realization_go/doubly_linked_list.go:168.2,168.60 1 1
realization_go/doubly_linked_list.go:172.53,173.19 1 1
realization_go/doubly_linked_list.go:173.19,176.3 2 1
realization_go/doubly_linked_list.go:178.2,179.45 2 1
realization_go/doubly_linked_list.go:179.45,181.3 1 1
realization_go/doubly_linked_list.go:183.2,183.20 1 1
realization_go/doubly_linked_list.go:183.20,186.3 2 0
realization_go/doubly_linked_list.go:188.2,188.25 1 1
realization_go/doubly_linked_list.go:188.25,190.3 1 1
realization_go/doubly_linked_list.go:190.8,192.3 1 1
realization_go/doubly_linked_list.go:194.2,194.25 1 1
realization_go/doubly_linked_list.go:194.25,196.3 1 1
realization_go/doubly_linked_list.go:196.8,198.3 1 1
realization_go/doubly_linked_list.go:200.2,200.62 1 1
realization_go/doubly_linked_list.go:204.62,205.19 1 1
realization_go/doubly_linked_list.go:205.19,208.3 2 1
realization_go/doubly_linked_list.go:210.2,211.51 2 1
realization_go/doubly_linked_list.go:211.51,213.3 1 1
realization_go/doubly_linked_list.go:215.2,215.20 1 1
realization_go/doubly_linked_list.go:215.20,218.3 2 1
realization_go/doubly_linked_list.go:220.2,220.25 1 1
realization_go/doubly_linked_list.go:220.25,223.3 2 1
realization_go/doubly_linked_list.go:225.2,228.30 3 1
realization_go/doubly_linked_list.go:228.30,230.3 1 1
realization_go/doubly_linked_list.go:230.8,232.3 1 1
realization_go/doubly_linked_list.go:234.2,234.111 1 1
realization_go/doubly_linked_list.go:238.63,239.19 1 1
realization_go/doubly_linked_list.go:239.19,242.3 2 1
realization_go/doubly_linked_list.go:244.2,245.51 2 1
realization_go/doubly_linked_list.go:245.51,247.3 1 1
realization_go/doubly_linked_list.go:249.2,249.20 1 1
realization_go/doubly_linked_list.go:249.20,252.3 2 1
realization_go/doubly_linked_list.go:254.2,254.25 1 1
realization_go/doubly_linked_list.go:254.25,257.3 2 1
realization_go/doubly_linked_list.go:259.2,262.30 3 1
realization_go/doubly_linked_list.go:262.30,264.3 1 1
realization_go/doubly_linked_list.go:264.8,266.3 1 1
realization_go/doubly_linked_list.go:268.2,268.113 1 1
realization_go/doubly_linked_list.go:272.56,274.21 2 1
realization_go/doubly_linked_list.go:274.21,275.27 1 1
realization_go/doubly_linked_list.go:275.27,277.4 1 1
realization_go/doubly_linked_list.go:278.3,278.25 1 1
realization_go/doubly_linked_list.go:280.2,280.14 1 1
realization_go/doubly_linked_list.go:284.43,287.21 3 1
realization_go/doubly_linked_list.go:287.21,290.3 2 1
realization_go/doubly_linked_list.go:291.2,291.15 1 1
realization_go/doubly_linked_list.go:295.44,298.21 3 1
realization_go/doubly_linked_list.go:298.21,301.3 2 1
realization_go/doubly_linked_list.go:302.2,302.15 1 1
realization_go/doubly_linked_list.go:306.36,310.2 3 1
realization_go/doubly_linked_list.go:313.62,315.16 2 1
realization_go/doubly_linked_list.go:315.16,318.3 2 0
realization_go/doubly_linked_list.go:319.2,322.21 3 1
realization_go/doubly_linked_list.go:322.21,324.17 2 1
realization_go/doubly_linked_list.go:324.17,326.4 1 0
realization_go/doubly_linked_list.go:327.3,327.25 1 1
realization_go/doubly_linked_list.go:329.2,330.12 2 1
realization_go/doubly_linked_list.go:334.64,336.16 2 1
realization_go/doubly_linked_list.go:336.16,339.3 2 1
realization_go/doubly_linked_list.go:340.2,347.21 5 1
realization_go/doubly_linked_list.go:347.21,349.17 2 1
realization_go/doubly_linked_list.go:349.17,351.4 1 1
realization_go/doubly_linked_list.go:354.2,355.22 2 1
realization_go/doubly_linked_list.go:359.68,361.16 2 1
realization_go/doubly_linked_list.go:361.16,364.3 2 0
realization_go/doubly_linked_list.go:365.2,370.21 4 1
realization_go/doubly_linked_list.go:370.21,373.3 2 1
realization_go/doubly_linked_list.go:376.2,377.16 2 1
realization_go/doubly_linked_list.go:377.16,379.3 1 0
realization_go/doubly_linked_list.go:382.2,383.21 2 1
realization_go/doubly_linked_list.go:383.21,385.17 2 1
realization_go/doubly_linked_list.go:385.17,387.4 1 0
realization_go/doubly_linked_list.go:388.3,388.25 1 1
realization_go/doubly_linked_list.go:391.2,392.12 2 1
realization_go/doubly_linked_list.go:396.70,398.16 2 1
realization_go/doubly_linked_list.go:398.16,401.3 2 1
realization_go/doubly_linked_list.go:402.2,408.16 5 1
realization_go/doubly_linked_list.go:408.16,410.3 1 0
realization_go/doubly_linked_list.go:412.2,412.34 1 1
realization_go/doubly_linked_list.go:412.34,415.17 3 1
realization_go/doubly_linked_list.go:415.17,417.4 1 0
realization_go/doubly_linked_list.go:418.3,418.26 1 1
realization_go/doubly_linked_list.go:421.2,422.12 2 1
realization_go/dynamic_array.go:20.57,21.25 1 1
realization_go/dynamic_array.go:21.25,23.3 1 1
realization_go/dynamic_array.go:24.2,28.3 1 1
realization_go/dynamic_array.go:32.48,34.30 2 1
realization_go/dynamic_array.go:34.30,36.3 1 1
realization_go/dynamic_array.go:37.2,38.26 2 1
realization_go/dynamic_array.go:42.47,43.26 1 1
realization_go/dynamic_array.go:43.26,45.18 2 1
realization_go/dynamic_array.go:45.18,47.4 1 0
realization_go/dynamic_array.go:48.3,48.19 1 1
realization_go/dynamic_array.go:50.2,51.10 2 1
realization_go/dynamic_array.go:55.56,56.33 1 1
realization_go/dynamic_array.go:56.33,59.3 2 1
realization_go/dynamic_array.go:61.2,61.26 1 1
realization_go/dynamic_array.go:61.26,63.3 1 1
realization_go/dynamic_array.go:65.2,65.34 1 1
realization_go/dynamic_array.go:65.34,67.3 1 1
realization_go/dynamic_array.go:69.2,70.10 2 1
realization_go/dynamic_array.go:74.42,75.34 1 1
realization_go/dynamic_array.go:75.34,78.3 2 1
realization_go/dynamic_array.go:80.2,80.36 1 1
realization_go/dynamic_array.go:80.36,82.3 1 1
realization_go/dynamic_array.go:83.2,85.46 2 1
realization_go/dynamic_array.go:85.46,87.3 1 1
realization_go/dynamic_array.go:91.46,92.34 1 1
realization_go/dynamic_array.go:92.34,95.3 2 1
realization_go/dynamic_array.go:96.2,96.22 1 1
realization_go/dynamic_array.go:100.53,101.34 1 1
realization_go/dynamic_array.go:101.34,104.3 2 1
realization_go/dynamic_array.go:105.2,105.23 1 1
realization_go/dynamic_array.go:109.38,111.2 1 1
realization_go/dynamic_array.go:114.42,116.2 1 1
realization_go/dynamic_array.go:119.32,121.30 2 1
realization_go/dynamic_array.go:121.30,123.3 1 1
realization_go/dynamic_array.go:124.2,124.15 1 1
realization_go/dynamic_array.go:128.32,130.2 1 1
realization_go/dynamic_array.go:133.58,135.16 2 1
realization_go/dynamic_array.go:135.16,138.3 2 0
realization_go/dynamic_array.go:139.2,142.16 3 1
realization_go/dynamic_array.go:142.16,144.3 1 0
realization_go/dynamic_array.go:146.2,146.30 1 1
realization_go/dynamic_array.go:146.30,148.17 2 1
realization_go/dynamic_array.go:148.17,150.4 1 0
realization_go/dynamic_array.go:153.2,154.12 2 1
realization_go/dynamic_array.go:158.60,160.16 2 1
realization_go/dynamic_array.go:160.16,163.3 2 1
realization_go/dynamic_array.go:164.2,171.21 4 1
realization_go/dynamic_array.go:171.21,173.3 1 1
realization_go/dynamic_array.go:174.2,175.16 2 1
realization_go/dynamic_array.go:175.16,177.3 1 0
realization_go/dynamic_array.go:180.2,180.43 1 1
realization_go/dynamic_array.go:180.43,184.3 3 1
realization_go/dynamic_array.go:186.2,187.22 2 1
realization_go/dynamic_array.go:191.64,193.16 2 1
realization_go/dynamic_array.go:193.16,196.3 2 0
realization_go/dynamic_array.go:197.2,201.16 3 1
realization_go/dynamic_array.go:201.16,203.3 1 0
realization_go/dynamic_array.go:206.2,206.30 1 1
realization_go/dynamic_array.go:206.30,212.17 4 1
realization_go/dynamic_array.go:212.17,214.4 1 0
realization_go/dynamic_array.go:217.3,218.17 2 1
realization_go/dynamic_array.go:218.17,220.4 1 0
realization_go/dynamic_array.go:223.2,224.12 2 1
realization_go/dynamic_array.go:228.66,230.16 2 1
realization_go/dynamic_array.go:230.16,233.3 2 1
realization_go/dynamic_array.go:234.2,240.16 5 1
realization_go/dynamic_array.go:240.16,242.3 1 0
realization_go/dynamic_array.go:244.2,244.37 1 1
realization_go/dynamic_array.go:244.37,247.17 3 1
realization_go/dynamic_array.go:247.17,249.4 1 1
realization_go/dynamic_array.go:251.3,253.17 3 1
realization_go/dynamic_array.go:253.17,255.4 1 0
realization_go/dynamic_array.go:257.3,257.29 1 1
realization_go/dynamic_array.go:260.2,261.12 2 1
realization_go/full_binary_tree.go:20.39,26.2 1 1
realization_go/full_binary_tree.go:34.42,38.2 1 1
realization_go/full_binary_tree.go:41.60,42.20 1 1
realization_go/full_binary_tree.go:42.20,44.3 1 1
realization_go/full_binary_tree.go:45.2,48.21 4 1
realization_go/full_binary_tree.go:52.77,53.20 1 1
realization_go/full_binary_tree.go:53.20,55.3 1 1
realization_go/full_binary_tree.go:56.2,56.27 1 1
realization_go/full_binary_tree.go:56.27,58.3 1 1
realization_go/full_binary_tree.go:59.2,59.90 1 1
realization_go/full_binary_tree.go:63.60,64.20 1 1
realization_go/full_binary_tree.go:64.20,66.3 1 1
realization_go/full_binary_tree.go:67.2,67.69 1 1
realization_go/full_binary_tree.go:71.59,72.20 1 1
realization_go/full_binary_tree.go:72.20,74.3 1 1
realization_go/full_binary_tree.go:75.2,77.30 3 1
realization_go/full_binary_tree.go:77.30,79.3 1 1
realization_go/full_binary_tree.go:80.2,80.24 1 1
realization_go/full_binary_tree.go:84.67,85.20 1 1
realization_go/full_binary_tree.go:85.20,87.3 1 1
realization_go/full_binary_tree.go:88.2,90.40 3 1
realization_go/full_binary_tree.go:94.68,95.20 1 1
realization_go/full_binary_tree.go:95.20,97.3 1 1
realization_go/full_binary_tree.go:98.2,100.41 3 1
realization_go/full_binary_tree.go:104.69,105.20 1 1
realization_go/full_binary_tree.go:105.20,107.3 1 1
realization_go/full_binary_tree.go:108.2,110.33 3 1
realization_go/full_binary_tree.go:114.41,115.19 1 1
realization_go/full_binary_tree.go:115.19,119.3 3 1
realization_go/full_binary_tree.go:121.2,123.21 2 1
realization_go/full_binary_tree.go:123.21,127.26 3 1
realization_go/full_binary_tree.go:127.26,131.4 3 1
realization_go/full_binary_tree.go:131.9,133.4 1 1
realization_go/full_binary_tree.go:135.3,135.27 1 1
realization_go/full_binary_tree.go:135.27,139.4 3 1
realization_go/full_binary_tree.go:139.9,141.4 1 1
realization_go/full_binary_tree.go:146.49,148.11 2 1
realization_go/full_binary_tree.go:148.11,150.3 1 1
realization_go/full_binary_tree.go:150.8,152.3 1 1
realization_go/full_binary_tree.go:153.2,153.14 1 1
realization_go/full_binary_tree.go:157.40,158.19 1 1
realization_go/full_binary_tree.go:158.19,161.3 2 1
realization_go/full_binary_tree.go:163.2,167.32 4 1
realization_go/full_binary_tree.go:167.32,170.3 2 1
realization_go/full_binary_tree.go:170.8,174.3 3 1
realization_go/full_binary_tree.go:178.41,179.19 1 1
realization_go/full_binary_tree.go:179.19,182.3 2 0
realization_go/full_binary_tree.go:183.2,185.15 3 1
realization_go/full_binary_tree.go:189.42,190.19 1 1
realization_go/full_binary_tree.go:190.19,193.3 2 0
realization_go/full_binary_tree.go:194.2,196.15 3 1
realization_go/full_binary_tree.go:200.43,201.19 1 1
realization_go/full_binary_tree.go:201.19,204.3 2 0
realization_go/full_binary_tree.go:205.2,207.15 3 1
realization_go/full_binary_tree.go:211.44,212.19 1 1
realization_go/full_binary_tree.go:212.19,215.3 2 0
realization_go/full_binary_tree.go:217.2,220.21 3 1
realization_go/full_binary_tree.go:220.21,225.26 4 1
realization_go/full_binary_tree.go:225.26,227.4 1 1
realization_go/full_binary_tree.go:228.3,228.27 1 1
realization_go/full_binary_tree.go:228.27,230.4 1 1
realization_go/full_binary_tree.go:232.2,232.15 1 1
realization_go/full_binary_tree.go:236.45,238.2 1 1
realization_go/full_binary_tree.go:241.46,243.2 1 1
realization_go/full_binary_tree.go:246.34,250.2 3 1
realization_go/full_binary_tree.go:253.60,255.16 2 1
realization_go/full_binary_tree.go:255.16,258.3 2 0
realization_go/full_binary_tree.go:259.2,261.19 2 1
realization_go/full_binary_tree.go:261.19,264.3 2 1
realization_go/full_binary_tree.go:266.2,267.21 2 1
realization_go/full_binary_tree.go:267.21,272.17 4 1
realization_go/full_binary_tree.go:272.17,274.4 1 0
realization_go/full_binary_tree.go:276.3,276.26 1 1
realization_go/full_binary_tree.go:276.26,278.4 1 1
realization_go/full_binary_tree.go:279.3,279.27 1 1
realization_go/full_binary_tree.go:279.27,281.4 1 1
realization_go/full_binary_tree.go:284.2,285.12 2 1
realization_go/full_binary_tree.go:289.62,291.16 2 1
realization_go/full_binary_tree.go:291.16,294.3 2 0
realization_go/full_binary_tree.go:295.2,302.21 5 1
realization_go/full_binary_tree.go:302.21,304.17 2 1
realization_go/full_binary_tree.go:304.17,306.4 1 1
realization_go/full_binary_tree.go:309.2,310.22 2 1
realization_go/full_binary_tree.go:314.66,316.16 2 1
realization_go/full_binary_tree.go:316.16,319.3 2 0
realization_go/full_binary_tree.go:320.2,322.19 2 1
realization_go/full_binary_tree.go:322.19,325.17 3 1
realization_go/full_binary_tree.go:325.17,327.4 1 0
realization_go/full_binary_tree.go:328.3,329.13 2 1
realization_go/full_binary_tree.go:332.2,334.16 3 1
realization_go/full_binary_tree.go:334.16,336.3 1 0
realization_go/full_binary_tree.go:338.2,339.21 2 1
realization_go/full_binary_tree.go:339.21,345.17 4 1
realization_go/full_binary_tree.go:345.17,347.4 1 0
realization_go/full_binary_tree.go:350.3,354.17 4 1
realization_go/full_binary_tree.go:354.17,356.4 1 0
realization_go/full_binary_tree.go:357.3,358.17 2 1
realization_go/full_binary_tree.go:358.17,360.4 1 0
realization_go/full_binary_tree.go:362.3,362.14 1 1
realization_go/full_binary_tree.go:362.14,364.4 1 1
realization_go/full_binary_tree.go:365.3,365.15 1 1
realization_go/full_binary_tree.go:365.15,367.4 1 1
realization_go/full_binary_tree.go:370.2,371.12 2 1
realization_go/full_binary_tree.go:375.68,377.16 2 1
realization_go/full_binary_tree.go:377.16,380.3 2 0
realization_go/full_binary_tree.go:381.2,387.16 5 1
realization_go/full_binary_tree.go:387.16,389.3 1 0
realization_go/full_binary_tree.go:391.2,391.20 1 1
realization_go/full_binary_tree.go:391.20,394.3 2 1
realization_go/full_binary_tree.go:397.2,401.16 4 1
realization_go/full_binary_tree.go:401.16,403.3 1 0
realization_go/full_binary_tree.go:404.2,405.16 2 1
realization_go/full_binary_tree.go:405.16,407.3 1 0
realization_go/full_binary_tree.go:408.2,409.16 2 1
realization_go/full_binary_tree.go:409.16,411.3 1 0
realization_go/full_binary_tree.go:413.2,417.38 4 1
realization_go/full_binary_tree.go:417.38,422.31 3 1
realization_go/full_binary_tree.go:422.31,427.18 4 1
realization_go/full_binary_tree.go:427.18,429.5 1 0
realization_go/full_binary_tree.go:430.4,431.18 2 1
realization_go/full_binary_tree.go:431.18,433.5 1 0
realization_go/full_binary_tree.go:434.4,435.18 2 1
realization_go/full_binary_tree.go:435.18,437.5 1 0
realization_go/full_binary_tree.go:439.4,441.15 3 1
realization_go/full_binary_tree.go:445.3,445.32 1 1
realization_go/full_binary_tree.go:445.32,450.18 4 1
realization_go/full_binary_tree.go:450.18,452.5 1 0
realization_go/full_binary_tree.go:453.4,454.18 2 1
realization_go/full_binary_tree.go:454.18,456.5 1 0
realization_go/full_binary_tree.go:457.4,458.18 2 1
realization_go/full_binary_tree.go:458.18,460.5 1 0
realization_go/full_binary_tree.go:462.4,464.15 3 1
realization_go/full_binary_tree.go:468.3,468.38 1 1
realization_go/full_binary_tree.go:468.38,470.18 2 0
realization_go/full_binary_tree.go:470.18,472.5 1 0
realization_go/full_binary_tree.go:473.4,474.18 2 0
realization_go/full_binary_tree.go:474.18,476.5 1 0
realization_go/full_binary_tree.go:480.2,481.12 2 1
realization_go/hash.go:15.42,16.14 1 1
realization_go/hash.go:16.14,18.3 1 1
realization_go/hash.go:19.2,22.25 3 1
realization_go/hash.go:22.25,24.18 2 1
realization_go/hash.go:24.18,26.4 1 0
realization_go/hash.go:28.2,28.16 1 1
realization_go/hash.go:41.47,47.2 1 1
realization_go/hash.go:58.50,59.14 1 1
realization_go/hash.go:59.14,61.3 1 1
realization_go/hash.go:62.2,66.12 2 1
realization_go/hash.go:70.55,72.2 1 1
realization_go/hash.go:75.52,80.21 3 1
realization_go/hash.go:80.21,81.25 1 1
realization_go/hash.go:81.25,85.4 3 1
realization_go/hash.go:86.3,86.25 1 1
realization_go/hash.go:90.2,94.85 4 1
realization_go/hash.go:98.50,103.21 4 1
realization_go/hash.go:103.21,104.25 1 1
realization_go/hash.go:104.25,105.23 1 1
realization_go/hash.go:105.23,107.5 1 1
realization_go/hash.go:107.10,109.5 1 1
realization_go/hash.go:110.4,111.15 2 1
realization_go/hash.go:113.3,114.25 2 1
realization_go/hash.go:117.2,118.14 2 1
realization_go/hash.go:122.50,126.21 3 1
realization_go/hash.go:126.21,127.25 1 1
realization_go/hash.go:127.25,129.4 1 1
realization_go/hash.go:130.3,130.25 1 1
realization_go/hash.go:132.2,132.11 1 1
realization_go/hash.go:136.36,140.34 3 1
realization_go/hash.go:140.34,141.24 1 1
realization_go/hash.go:141.24,146.23 4 1
realization_go/hash.go:146.23,148.28 2 1
realization_go/hash.go:148.28,150.6 1 1
realization_go/hash.go:151.5,151.27 1 1
realization_go/hash.go:153.4,153.17 1 1
realization_go/hash.go:157.2,157.13 1 1
realization_go/hash.go:157.13,159.3 1 1
realization_go/hash.go:163.34,164.34 1 1
realization_go/hash.go:164.34,166.3 1 1
realization_go/hash.go:167.2,167.67 1 1
realization_go/hash.go:171.46,172.17 1 1
realization_go/hash.go:172.17,175.3 2 1
realization_go/hash.go:177.2,184.35 5 1
realization_go/hash.go:184.35,186.22 2 1
realization_go/hash.go:186.22,192.4 5 1
realization_go/hash.go:195.2,195.80 1 1
realization_go/hash.go:199.40,201.34 2 1
realization_go/hash.go:201.34,203.22 2 1
realization_go/hash.go:203.22,206.4 2 1
realization_go/hash.go:208.2,208.14 1 1
realization_go/hash.go:212.44,214.2 1 1
realization_go/hash.go:217.60,219.16 2 1
realization_go/hash.go:219.16,222.3 2 0
realization_go/hash.go:223.2,226.16 3 1
realization_go/hash.go:226.16,228.3 1 0
realization_go/hash.go:229.2,230.16 2 1
realization_go/hash.go:230.16,232.3 1 0
realization_go/hash.go:234.2,234.34 1 1
realization_go/hash.go:234.34,236.22 2 1
realization_go/hash.go:236.22,238.18 2 1
realization_go/hash.go:238.18,240.5 1 0
realization_go/hash.go:241.4,241.26 1 1
realization_go/hash.go:245.2,246.12 2 1
realization_go/hash.go:250.62,252.16 2 1
realization_go/hash.go:252.16,255.3 2 1
realization_go/hash.go:256.2,260.21 3 1
realization_go/hash.go:260.21,262.3 1 0
realization_go/hash.go:263.2,264.35 2 1
realization_go/hash.go:264.35,267.3 2 0
realization_go/hash.go:269.2,269.21 1 1
realization_go/hash.go:269.21,271.3 1 0
realization_go/hash.go:272.2,273.16 2 1
realization_go/hash.go:273.16,275.3 1 0
realization_go/hash.go:277.2,278.32 2 1
realization_go/hash.go:278.32,281.3 2 1
realization_go/hash.go:283.2,283.21 1 1
realization_go/hash.go:283.21,286.22 3 1
realization_go/hash.go:286.22,288.4 1 1
realization_go/hash.go:291.2,292.22 2 1
realization_go/hash.go:296.66,298.16 2 1
realization_go/hash.go:298.16,301.3 2 1
realization_go/hash.go:302.2,307.16 4 1
realization_go/hash.go:307.16,309.3 1 0
realization_go/hash.go:312.2,313.16 2 1
realization_go/hash.go:313.16,315.3 1 0
realization_go/hash.go:318.2,320.16 3 1
realization_go/hash.go:320.16,322.3 1 0
realization_go/hash.go:325.2,325.34 1 1
realization_go/hash.go:325.34,327.22 2 1
realization_go/hash.go:327.22,332.18 4 1
realization_go/hash.go:332.18,334.5 1 0
realization_go/hash.go:335.4,336.18 2 1
realization_go/hash.go:336.18,338.5 1 0
realization_go/hash.go:340.4,341.18 2 1
realization_go/hash.go:341.18,343.5 1 0
realization_go/hash.go:344.4,345.18 2 1
realization_go/hash.go:345.18,347.5 1 0
realization_go/hash.go:349.4,349.26 1 1
realization_go/hash.go:353.2,354.12 2 1
realization_go/hash.go:358.68,360.16 2 1
realization_go/hash.go:360.16,363.3 2 1
realization_go/hash.go:364.2,369.16 4 1
realization_go/hash.go:369.16,371.3 1 1
realization_go/hash.go:372.2,372.46 1 1
realization_go/hash.go:372.46,375.3 2 1
realization_go/hash.go:377.2,379.16 3 0
realization_go/hash.go:379.16,381.3 1 0
realization_go/hash.go:383.2,389.16 6 0
realization_go/hash.go:389.16,391.3 1 0
realization_go/hash.go:393.2,393.40 1 0
realization_go/hash.go:393.40,396.17 3 0
realization_go/hash.go:396.17,398.4 1 0
realization_go/hash.go:400.3,402.17 3 0
realization_go/hash.go:402.17,404.4 1 0
realization_go/hash.go:405.3,409.17 4 0
realization_go/hash.go:409.17,411.4 1 0
realization_go/hash.go:413.3,415.17 3 0
realization_go/hash.go:415.17,417.4 1 0
realization_go/hash.go:418.3,420.23 2 0
realization_go/hash.go:423.2,424.12 2 0
realization_go/hash.go:438.39,443.2 1 1
realization_go/hash.go:454.48,455.14 1 1
realization_go/hash.go:455.14,457.3 1 1
realization_go/hash.go:458.2,462.28 2 1
realization_go/hash.go:462.28,464.3 1 1
realization_go/hash.go:465.2,465.12 1 1
realization_go/hash.go:469.54,471.2 1 1
realization_go/hash.go:474.63,476.2 1 1
realization_go/hash.go:479.51,482.52 2 1
realization_go/hash.go:482.52,485.67 2 1
realization_go/hash.go:485.67,492.4 6 1
realization_go/hash.go:494.3,494.69 1 1
realization_go/hash.go:494.69,498.4 3 1
realization_go/hash.go:501.2,501.104 1 1
realization_go/hash.go:505.49,508.52 2 1
realization_go/hash.go:508.52,511.69 2 1
realization_go/hash.go:511.69,516.4 4 1
realization_go/hash.go:518.3,518.68 1 1
realization_go/hash.go:518.68,519.9 1 1
realization_go/hash.go:523.2,524.14 2 1
realization_go/hash.go:528.49,531.52 2 1
realization_go/hash.go:531.52,534.69 2 1
realization_go/hash.go:534.69,536.4 1 1
realization_go/hash.go:538.3,538.68 1 1
realization_go/hash.go:538.68,539.9 1 1
realization_go/hash.go:543.2,543.11 1 1
realization_go/hash.go:547.35,551.34 3 1
realization_go/hash.go:551.34,552.22 1 1
realization_go/hash.go:552.22,555.26 3 1
realization_go/hash.go:555.26,557.5 1 0
realization_go/hash.go:558.4,558.17 1 1
realization_go/hash.go:559.9,559.32 1 1
realization_go/hash.go:559.32,562.4 2 1
realization_go/hash.go:565.2,565.13 1 1
realization_go/hash.go:565.13,567.3 1 1
realization_go/hash.go:571.33,572.34 1 1
realization_go/hash.go:572.34,577.3 4 1
realization_go/hash.go:578.2,578.87 1 1
realization_go/hash.go:582.45,583.17 1 1
realization_go/hash.go:583.17,586.3 2 1
realization_go/hash.go:588.2,593.31 5 1
realization_go/hash.go:593.31,595.3 1 1
realization_go/hash.go:598.2,598.35 1 1
realization_go/hash.go:598.35,599.47 1 1
realization_go/hash.go:599.47,604.54 4 1
realization_go/hash.go:604.54,606.69 2 1
realization_go/hash.go:606.69,611.11 5 1
realization_go/hash.go:617.2,617.80 1 1
realization_go/hash.go:621.39,623.34 2 1
realization_go/hash.go:623.34,624.22 1 1
realization_go/hash.go:624.22,626.4 1 1
realization_go/hash.go:628.2,628.14 1 1
realization_go/hash.go:632.43,634.2 1 1
realization_go/hash.go:637.49,639.15 2 1
realization_go/hash.go:639.15,641.3 1 1
realization_go/hash.go:642.2,642.44 1 1
realization_go/hash.go:646.59,648.16 2 1
realization_go/hash.go:648.16,651.3 2 0
realization_go/hash.go:652.2,655.16 3 1
realization_go/hash.go:655.16,657.3 1 0
realization_go/hash.go:658.2,659.16 2 1
realization_go/hash.go:659.16,661.3 1 0
realization_go/hash.go:663.2,663.34 1 1
realization_go/hash.go:663.34,664.22 1 1
realization_go/hash.go:664.22,666.18 2 1
realization_go/hash.go:666.18,668.5 1 0
realization_go/hash.go:672.2,673.12 2 1
realization_go/hash.go:677.61,679.16 2 1
realization_go/hash.go:679.16,682.3 2 1
realization_go/hash.go:683.2,687.21 3 1
realization_go/hash.go:687.21,689.3 1 0
realization_go/hash.go:690.2,691.34 2 1
realization_go/hash.go:691.34,694.3 2 0
realization_go/hash.go:696.2,696.21 1 1
realization_go/hash.go:696.21,698.3 1 0
realization_go/hash.go:699.2,700.16 2 1
realization_go/hash.go:700.16,702.3 1 0
realization_go/hash.go:704.2,705.32 2 1
realization_go/hash.go:705.32,708.35 3 1
realization_go/hash.go:708.35,710.4 1 1
realization_go/hash.go:713.2,713.21 1 1
realization_go/hash.go:713.21,716.22 3 1
realization_go/hash.go:716.22,718.4 1 1
realization_go/hash.go:721.2,722.22 2 1
realization_go/hash.go:726.65,728.16 2 1
realization_go/hash.go:728.16,731.3 2 1
realization_go/hash.go:732.2,737.16 4 1
realization_go/hash.go:737.16,739.3 1 0
realization_go/hash.go:742.2,743.16 2 1
realization_go/hash.go:743.16,745.3 1 0
realization_go/hash.go:748.2,749.34 2 1
realization_go/hash.go:749.34,750.45 1 1
realization_go/hash.go:750.45,752.4 1 1
realization_go/hash.go:754.2,755.16 2 1
realization_go/hash.go:755.16,757.3 1 0
realization_go/hash.go:760.2,760.34 1 1
realization_go/hash.go:760.34,761.45 1 1
realization_go/hash.go:761.45,766.18 4 1
realization_go/hash.go:766.18,768.5 1 0
realization_go/hash.go:769.4,770.18 2 1
realization_go/hash.go:770.18,772.5 1 0
realization_go/hash.go:774.4,775.18 2 1
realization_go/hash.go:775.18,777.5 1 0
realization_go/hash.go:778.4,779.18 2 1
realization_go/hash.go:779.18,781.5 1 0
realization_go/hash.go:785.2,786.12 2 1
realization_go/hash.go:790.67,792.16 2 1
realization_go/hash.go:792.16,795.3 2 1
realization_go/hash.go:796.2,801.16 4 1
realization_go/hash.go:801.16,803.3 1 1
realization_go/hash.go:804.2,804.45 1 1
realization_go/hash.go:804.45,807.3 2 1
realization_go/hash.go:809.2,811.16 3 1
realization_go/hash.go:811.16,813.3 1 1
realization_go/hash.go:815.2,818.34 4 1
realization_go/hash.go:818.34,820.3 1 1
realization_go/hash.go:822.2,824.16 3 1
realization_go/hash.go:824.16,826.3 1 0
realization_go/hash.go:828.2,828.40 1 1
realization_go/hash.go:828.40,831.17 3 1
realization_go/hash.go:831.17,833.4 1 0
realization_go/hash.go:835.3,837.17 3 1
realization_go/hash.go:837.17,839.4 1 0
realization_go/hash.go:840.3,844.17 4 1
realization_go/hash.go:844.17,846.4 1 0
realization_go/hash.go:848.3,850.17 3 1
realization_go/hash.go:850.17,852.4 1 0
realization_go/hash.go:853.3,856.53 3 1
realization_go/hash.go:856.53,858.54 2 1
realization_go/hash.go:858.54,864.10 6 1
realization_go/hash.go:868.3,868.16 1 1
realization_go/hash.go:868.16,870.4 1 0
realization_go/hash.go:873.2,874.12 2 1
realization_go/hash.go:880.57,882.20 2 1
realization_go/hash.go:882.20,884.3 1 1
realization_go/hash.go:885.2,885.20 1 1
realization_go/hash.go:885.20,887.3 1 1
realization_go/hash.go:888.2,888.20 1 1
realization_go/hash.go:888.20,890.3 1 1
realization_go/hash.go:891.2,891.8 1 1
realization_go/hash.go:895.20,908.2 12 1
realization_go/main.go:12.34,49.2 22 0
realization_go/main.go:51.36,88.2 22 0
realization_go/main.go:90.36,126.2 21 0
realization_go/main.go:128.32,168.2 21 0
realization_go/main.go:170.25,203.2 18 0
realization_go/main.go:205.25,238.2 18 0
realization_go/main.go:240.29,328.2 58 0
realization_go/main.go:330.39,414.2 50 0
realization_go/main.go:416.36,469.2 35 0
realization_go/main.go:472.40,482.6 7 0
realization_go/main.go:482.6,498.17 14 0
realization_go/main.go:499.10,509.32 8 0
realization_go/main.go:511.10,519.25 6 0
realization_go/main.go:519.25,521.5 1 0
realization_go/main.go:521.10,523.5 1 0
realization_go/main.go:525.4,525.24 1 0
realization_go/main.go:525.24,527.5 1 0
realization_go/main.go:527.10,529.5 1 0
realization_go/main.go:531.10,537.25 5 0
realization_go/main.go:539.10,541.23 2 0
realization_go/main.go:543.10,546.55 3 0
realization_go/main.go:548.10,553.19 4 0
realization_go/main.go:553.19,556.5 2 0
realization_go/main.go:556.10,558.5 1 0
realization_go/main.go:560.10,562.53 2 0
realization_go/main.go:564.10,566.55 2 0
realization_go/main.go:568.10,580.35 9 0
realization_go/main.go:582.10,584.10 2 0
realization_go/main.go:586.11,587.80 1 0
realization_go/main.go:593.13,598.6 3 0
realization_go/main.go:598.6,616.17 16 0
realization_go/main.go:617.10,618.31 1 0
realization_go/main.go:619.10,620.33 1 0
realization_go/main.go:621.10,622.33 1 0
realization_go/main.go:623.10,624.29 1 0
realization_go/main.go:625.10,626.22 1 0
realization_go/main.go:627.10,628.22 1 0
realization_go/main.go:629.10,630.26 1 0
realization_go/main.go:631.10,632.37 1 0
realization_go/main.go:633.10,634.36 1 0
realization_go/main.go:635.11,636.33 1 0
realization_go/main.go:637.11,644.26 7 0
realization_go/main.go:645.10,647.10 2 0
realization_go/main.go:648.11,649.47 1 0
realization_go/queue.go:21.24,30.2 2 1
realization_go/queue.go:33.26,39.24 5 1
realization_go/queue.go:39.24,43.3 3 1
realization_go/queue.go:45.2,48.27 4 1
realization_go/queue.go:52.33,53.33 1 1
realization_go/queue.go:53.33,55.3 1 1
realization_go/queue.go:57.2,61.60 4 1
realization_go/queue.go:65.23,66.17 1 1
realization_go/queue.go:66.17,69.3 2 1
realization_go/queue.go:71.2,75.61 4 1
realization_go/queue.go:79.29,80.17 1 1
realization_go/queue.go:80.17,83.3 2 1
realization_go/queue.go:84.2,84.26 1 1
realization_go/queue.go:88.32,90.2 1 1
realization_go/queue.go:93.28,95.2 1 1
realization_go/queue.go:98.27,99.17 1 1
realization_go/queue.go:99.17,102.3 2 1
realization_go/queue.go:104.2,106.37 3 1
realization_go/queue.go:106.37,109.3 2 1
realization_go/queue.go:110.2,110.15 1 1
realization_go/queue.go:114.25,119.2 4 1
realization_go/queue.go:122.51,124.16 2 1
realization_go/queue.go:124.16,127.3 2 1
realization_go/queue.go:128.2,131.37 3 1
realization_go/queue.go:131.37,133.17 2 1
realization_go/queue.go:133.17,135.4 1 0
realization_go/queue.go:136.3,136.31 1 1
realization_go/queue.go:139.2,140.12 2 1
realization_go/queue.go:144.53,146.16 2 1
realization_go/queue.go:146.16,149.3 2 1
realization_go/queue.go:150.2,157.21 5 1
realization_go/queue.go:157.21,159.17 2 1
realization_go/queue.go:159.17,161.4 1 1
realization_go/queue.go:164.2,165.22 2 1
realization_go/queue.go:169.57,171.16 2 1
realization_go/queue.go:171.16,174.3 2 1
realization_go/queue.go:175.2,179.16 4 1
realization_go/queue.go:179.16,181.3 1 0
realization_go/queue.go:183.2,184.37 2 1
realization_go/queue.go:184.37,186.17 2 1
realization_go/queue.go:186.17,188.4 1 0
realization_go/queue.go:189.3,189.31 1 1
realization_go/queue.go:192.2,193.12 2 1
realization_go/queue.go:197.59,199.16 2 1
realization_go/queue.go:199.16,202.3 2 1
realization_go/queue.go:203.2,209.16 5 1
realization_go/queue.go:209.16,211.3 1 1
realization_go/queue.go:213.2,213.38 1 1
realization_go/queue.go:213.38,216.17 3 1
realization_go/queue.go:216.17,218.4 1 0
realization_go/queue.go:219.3,219.21 1 1
realization_go/queue.go:222.2,223.12 2 1
realization_go/singly_linked_list.go:23.46,27.2 1 1
realization_go/singly_linked_list.go:30.56,35.2 1 1
realization_go/singly_linked_list.go:38.49,43.2 4 1
realization_go/singly_linked_list.go:46.49,49.19 2 1
realization_go/singly_linked_list.go:49.19,53.3 3 1
realization_go/singly_linked_list.go:55.2,56.26 2 1
realization_go/singly_linked_list.go:56.26,58.3 1 1
realization_go/singly_linked_list.go:59.2,60.59 2 1
realization_go/singly_linked_list.go:64.64,65.19 1 1
realization_go/singly_linked_list.go:65.19,68.3 2 1
realization_go/singly_linked_list.go:70.2,71.51 2 1
realization_go/singly_linked_list.go:71.51,73.3 1 1
realization_go/singly_linked_list.go:75.2,75.20 1 1
realization_go/singly_linked_list.go:75.20,78.3 2 1
realization_go/singly_linked_list.go:80.2,83.75 4 1
realization_go/singly_linked_list.go:87.65,88.19 1 1
realization_go/singly_linked_list.go:88.19,91.3 2 1
realization_go/singly_linked_list.go:93.2,93.31 1 1
realization_go/singly_linked_list.go:93.31,96.3 2 1
realization_go/singly_linked_list.go:98.2,99.61 2 1
realization_go/singly_linked_list.go:99.61,101.3 1 1
realization_go/singly_linked_list.go:103.2,103.25 1 1
realization_go/singly_linked_list.go:103.25,106.3 2 1
realization_go/singly_linked_list.go:108.2,111.75 4 1
realization_go/singly_linked_list.go:115.58,116.41 1 1
realization_go/singly_linked_list.go:116.41,119.3 2 1
realization_go/singly_linked_list.go:121.2,121.31 1 1
realization_go/singly_linked_list.go:121.31,124.3 2 1
realization_go/singly_linked_list.go:126.2,126.36 1 1
realization_go/singly_linked_list.go:126.36,131.3 4 1
realization_go/singly_linked_list.go:133.2,134.71 2 1
realization_go/singly_linked_list.go:134.71,136.3 1 1
realization_go/singly_linked_list.go:138.2,138.30 1 1
realization_go/singly_linked_list.go:138.30,141.3 2 1
realization_go/singly_linked_list.go:143.2,145.113 3 1
realization_go/singly_linked_list.go:149.57,150.19 1 1
realization_go/singly_linked_list.go:150.19,153.3 2 1
realization_go/singly_linked_list.go:155.2,156.51 2 1
realization_go/singly_linked_list.go:156.51,158.3 1 1
realization_go/singly_linked_list.go:160.2,160.20 1 1
realization_go/singly_linked_list.go:160.20,163.3 2 1
realization_go/singly_linked_list.go:165.2,165.25 1 1
realization_go/singly_linked_list.go:165.25,168.3 2 1
realization_go/singly_linked_list.go:170.2,172.111 3 1
realization_go/singly_linked_list.go:176.36,177.19 1 1
realization_go/singly_linked_list.go:177.19,180.3 2 1
realization_go/singly_linked_list.go:181.2,182.21 2 1
realization_go/singly_linked_list.go:182.21,185.3 2 1
realization_go/singly_linked_list.go:186.2,186.24 1 1
realization_go/singly_linked_list.go:190.43,191.19 1 1
realization_go/singly_linked_list.go:191.19,194.3 2 1
realization_go/singly_linked_list.go:196.2,199.21 3 1
realization_go/singly_linked_list.go:199.21,202.3 2 1
realization_go/singly_linked_list.go:204.2,205.39 2 1
realization_go/singly_linked_list.go:205.39,207.3 1 1
realization_go/singly_linked_list.go:208.2,208.24 1 1
realization_go/singly_linked_list.go:212.45,213.19 1 1
realization_go/singly_linked_list.go:213.19,216.3 2 1
realization_go/singly_linked_list.go:217.2,219.62 3 1
realization_go/singly_linked_list.go:223.45,224.19 1 1
realization_go/singly_linked_list.go:224.19,227.3 2 1
realization_go/singly_linked_list.go:229.2,229.24 1 1
realization_go/singly_linked_list.go:229.24,233.3 3 1
realization_go/singly_linked_list.go:235.2,236.31 2 1
realization_go/singly_linked_list.go:236.31,238.3 1 1
realization_go/singly_linked_list.go:240.2,242.60 3 1
realization_go/singly_linked_list.go:246.53,247.19 1 1
realization_go/singly_linked_list.go:247.19,250.3 2 1
realization_go/singly_linked_list.go:253.2,253.25 1 1
realization_go/singly_linked_list.go:253.25,258.3 4 1
realization_go/singly_linked_list.go:261.2,264.45 3 1
realization_go/singly_linked_list.go:264.45,267.3 2 1
realization_go/singly_linked_list.go:269.2,269.20 1 1
realization_go/singly_linked_list.go:269.20,272.3 2 0
realization_go/singly_linked_list.go:274.2,274.17 1 1
realization_go/singly_linked_list.go:274.17,276.3 1 1
realization_go/singly_linked_list.go:278.2,278.62 1 1
realization_go/singly_linked_list.go:282.56,284.21 2 1
realization_go/singly_linked_list.go:284.21,285.27 1 1
realization_go/singly_linked_list.go:285.27,287.4 1 1
realization_go/singly_linked_list.go:288.3,288.25 1 1
realization_go/singly_linked_list.go:290.2,290.14 1 1
realization_go/singly_linked_list.go:294.36,296.2 1 1
realization_go/singly_linked_list.go:299.62,301.16 2 1
realization_go/singly_linked_list.go:301.16,304.3 2 0
realization_go/singly_linked_list.go:305.2,308.21 3 1
realization_go/singly_linked_list.go:308.21,310.17 2 1
realization_go/singly_linked_list.go:310.17,312.4 1 0
realization_go/singly_linked_list.go:313.3,313.25 1 1
realization_go/singly_linked_list.go:316.2,317.12 2 1
realization_go/singly_linked_list.go:321.64,323.16 2 1
realization_go/singly_linked_list.go:323.16,326.3 2 1
realization_go/singly_linked_list.go:327.2,334.21 5 1
realization_go/singly_linked_list.go:334.21,336.17 2 1
realization_go/singly_linked_list.go:336.17,338.4 1 1
realization_go/singly_linked_list.go:341.2,342.22 2 1
realization_go/singly_linked_list.go:346.68,348.16 2 1
realization_go/singly_linked_list.go:348.16,351.3 2 0
realization_go/singly_linked_list.go:352.2,356.21 4 1
realization_go/singly_linked_list.go:356.21,359.3 2 1
realization_go/singly_linked_list.go:361.2,362.16 2 1
realization_go/singly_linked_list.go:362.16,364.3 1 0
realization_go/singly_linked_list.go:366.2,367.21 2 1
realization_go/singly_linked_list.go:367.21,369.17 2 1
realization_go/singly_linked_list.go:369.17,371.4 1 0
realization_go/singly_linked_list.go:372.3,372.25 1 1
realization_go/singly_linked_list.go:375.2,376.12 2 1
realization_go/singly_linked_list.go:380.70,382.16 2 1
realization_go/singly_linked_list.go:382.16,385.3 2 1
realization_go/singly_linked_list.go:386.2,392.16 5 1
realization_go/singly_linked_list.go:392.16,394.3 1 0
realization_go/singly_linked_list.go:396.2,396.34 1 1
realization_go/singly_linked_list.go:396.34,399.17 3 1
realization_go/singly_linked_list.go:399.17,401.4 1 1
realization_go/singly_linked_list.go:402.3,402.26 1 1
realization_go/singly_linked_list.go:405.2,406.12 2 1
realization_go/stack.go:20.24,24.2 1 1
realization_go/stack.go:27.33,28.28 1 1
realization_go/stack.go:28.28,31.3 2 1
realization_go/stack.go:32.2,33.26 2 1
realization_go/stack.go:37.27,38.17 1 1
realization_go/stack.go:38.17,41.3 2 1
realization_go/stack.go:42.2,44.14 3 1
realization_go/stack.go:48.28,49.17 1 1
realization_go/stack.go:49.17,51.3 1 1
realization_go/stack.go:52.2,52.25 1 1
realization_go/stack.go:56.32,58.2 1 1
realization_go/stack.go:61.28,63.2 1 1
realization_go/stack.go:66.25,67.17 1 1
realization_go/stack.go:67.17,70.3 2 1
realization_go/stack.go:71.2,72.33 2 1
realization_go/stack.go:72.33,74.3 1 1
realization_go/stack.go:75.2,75.15 1 1
realization_go/stack.go:79.25,81.2 1 1
realization_go/stack.go:84.51,86.16 2 1
realization_go/stack.go:86.16,89.3 2 0
realization_go/stack.go:90.2,92.33 2 1
realization_go/stack.go:92.33,94.17 2 1
realization_go/stack.go:94.17,96.4 1 0
realization_go/stack.go:99.2,100.12 2 1
realization_go/stack.go:104.53,106.16 2 1
realization_go/stack.go:106.16,109.3 2 1
realization_go/stack.go:110.2,117.21 5 1
realization_go/stack.go:117.21,119.17 2 1
realization_go/stack.go:119.17,121.4 1 1
realization_go/stack.go:124.2,125.22 2 1
realization_go/stack.go:129.57,131.16 2 1
realization_go/stack.go:131.16,134.3 2 0
realization_go/stack.go:135.2,139.16 4 1
realization_go/stack.go:139.16,141.3 1 0
realization_go/stack.go:143.2,143.33 1 1
realization_go/stack.go:143.33,145.17 2 1
realization_go/stack.go:145.17,147.4 1 0
realization_go/stack.go:150.2,151.12 2 1
realization_go/stack.go:155.59,157.16 2 1
realization_go/stack.go:157.16,160.3 2 1
realization_go/stack.go:161.2,167.16 5 1
realization_go/stack.go:167.16,169.3 1 0
realization_go/stack.go:171.2,171.38 1 1
realization_go/stack.go:171.38,174.17 3 1
realization_go/stack.go:174.17,176.4 1 0
realization_go/stack.go:177.3,177.21 1 1
realization_go/stack.go:180.2,181.12 2 1
